{"type":["init_ps"],"time":["2023-05-03 19:59:32"],"user":["Kathrin Kuhn"],"umph":[1683136772.2755],"ok":[true]}
,
{"type":["check_chunk"],"time":["2023-05-03 19:59:32"],"user":["Kathrin Kuhn"],"umph":[1683136772.9739],"ok":[true],"chunk":[1],"ex":[1],"e.ind":[0],"code":["library(wooldridge)\ndata(wage1)\nhead(wage1)\nskim(wage1)"],"message":[""]}
,
{"type":["check_chunk"],"time":["2023-05-03 19:59:32"],"user":["Kathrin Kuhn"],"umph":[1683136772.9968],"ok":[true],"chunk":[2],"ex":[1],"e.ind":[0],"code":["\n# enter your code here ...\nreg1 <- lm(wage ~ educ, data = wage1)\n\n# enter your code here ...\nsummary(reg1)\n"],"message":[""]}
,
{"type":["check_chunk"],"time":["2023-05-03 19:59:33"],"user":["Kathrin Kuhn"],"umph":[1683136773.0075],"ok":[false],"chunk":[3],"ex":[1],"e.ind":[1],"code":["\n# enter your code here ...\n"],"message":["\nYou have not yet entered all correct commands in chunk 1_c."]}
,
{"type":["check_ps"],"time":["2023-05-03 20:00:25"],"user":["Kathrin Kuhn"],"umph":[1683136825.8781],"ok":[true]}
,
{"type":["check_chunk"],"time":["2023-05-03 20:00:25"],"user":["Kathrin Kuhn"],"umph":[1683136825.8928],"ok":[false],"chunk":[3],"ex":[1],"e.ind":[1],"code":["\n# enter your code here ...\n\"ja\""],"message":["\nYou have not yet entered all correct commands in chunk 1_c."]}
,
{"type":["check_ps"],"time":["2023-05-03 20:01:08"],"user":["Kathrin Kuhn"],"umph":[1683136868.7793],"ok":[true]}
,
{"type":["check_chunk"],"time":["2023-05-03 20:01:08"],"user":["Kathrin Kuhn"],"umph":[1683136868.7936],"ok":[true],"chunk":[3],"ex":[1],"e.ind":[0],"code":["\n# enter your code here ...\n\"nein\""],"message":[""]}
,
{"type":["check_chunk"],"time":["2023-05-03 20:01:08"],"user":["Kathrin Kuhn"],"umph":[1683136868.9316],"ok":[false],"chunk":[4],"ex":[1],"e.ind":[0],"code":["wage1 %>%\n mutate(gender = ifelse(female==1,\".PH_._\",\".PH_._\")) %>%\n group_by(gender) %>%\n summarize(mean(.PH_._))\n\n# enter your code here ...\n"],"message":["evaluation error in \n  wage1 %>% mutate(gender = ifelse(female == 1, \"___\", \"___\")) %>% group_by(gender) %>% summarize(mean(___))\n  \u001b[1m\u001b[33mError\u001b[39m in `summarize()`:\u001b[22m\n\u001b[38;5;232m\u001b[33m!\u001b[38;5;232m Problem while computing `..1 = mean(___)`.\n\u001b[36mℹ\u001b[38;5;232m The error occurred in group 1: gender = \"___\".\u001b[39m\n\u001b[1mCaused by error in `mean()`:\u001b[22m\n\u001b[33m!\u001b[39m object '___' not found\n"]}
,
{"type":["check_ps"],"time":["2023-05-03 20:04:12"],"user":["Kathrin Kuhn"],"umph":[1683137052.984],"ok":[true]}
,
{"type":["check_chunk"],"time":["2023-05-03 20:04:13"],"user":["Kathrin Kuhn"],"umph":[1683137053.0295],"ok":[true],"chunk":[4],"ex":[1],"e.ind":[0],"code":["wage1 %>%\n mutate(gender = ifelse(female==1,\"female\",\"male\")) %>%\n group_by(gender) %>%\n summarize(mean(educ))\n\n# enter your code here ...\n"],"message":[""]}
,
{"type":["check_chunk"],"time":["2023-05-03 20:04:13"],"user":["Kathrin Kuhn"],"umph":[1683137053.0872],"ok":[true],"chunk":[5],"ex":[1],"e.ind":[0],"code":["grViz('digraph G {\n\nx [label=\"Ausbildungsjahre x\"]\ny [label=\"Stundenlohn y\"]\nw [label=\"maennlich\"]\n\nx -> y [label=\"+\"];\nw -> x [label=\"+\"];\nw -> y [label=\"+\"];\n}')"],"message":[""]}
,
{"type":["check_chunk"],"time":["2023-05-03 20:04:13"],"user":["Kathrin Kuhn"],"umph":[1683137053.0975],"ok":[false],"chunk":[6],"ex":[1],"e.ind":[1],"code":["\n# enter your code here ...\n"],"message":["\nYou have not yet entered all correct commands in chunk 1_e_3."]}
,
{"type":["check_ps"],"time":["2023-05-03 20:06:14"],"user":["Kathrin Kuhn"],"umph":[1683137174.9638],"ok":[true]}
,
{"type":["check_chunk"],"time":["2023-05-03 20:06:14"],"user":["Kathrin Kuhn"],"umph":[1683137174.9794],"ok":[true],"chunk":[6],"ex":[1],"e.ind":[0],"code":["\n# enter your code here ...\n1"],"message":[""]}
,
{"type":["check_chunk"],"time":["2023-05-03 20:06:15"],"user":["Kathrin Kuhn"],"umph":[1683137175.0009],"ok":[true],"chunk":[7],"ex":[1],"e.ind":[0],"code":["reg2 <- lm(wage ~ educ + female, data=wage1)\nsummary(reg2)"],"message":[""]}
,
{"type":["check_chunk"],"time":["2023-05-03 20:06:15"],"user":["Kathrin Kuhn"],"umph":[1683137175.0314],"ok":[true],"chunk":[8],"ex":[1],"e.ind":[0],"code":["grViz('digraph G {\nx -> y [label=\"+\"];\nw -> y [label=\"+\"];\n}')"],"message":[""]}
,
{"type":["check_chunk"],"time":["2023-05-03 20:06:15"],"user":["Kathrin Kuhn"],"umph":[1683137175.0436],"ok":[false],"chunk":[9],"ex":[1],"e.ind":[1],"code":["\n# enter your code here ...\n"],"message":["\nYou have not yet entered all correct commands in chunk 1_g_2."]}
,
{"type":["check_ps"],"time":["2023-05-03 20:09:41"],"user":["Kathrin Kuhn"],"umph":[1683137381.6538],"ok":[true]}
,
{"type":["check_chunk"],"time":["2023-05-03 20:09:41"],"user":["Kathrin Kuhn"],"umph":[1683137381.6682],"ok":[false],"chunk":[9],"ex":[1],"e.ind":[1],"code":["\n# enter your code here ...\n\"verzerrt\""],"message":["\nYou have not yet entered all correct commands in chunk 1_g_2."]}
,
{"type":["check_ps"],"time":["2023-05-03 20:09:51"],"user":["Kathrin Kuhn"],"umph":[1683137391.3124],"ok":[true]}
,
{"type":["check_chunk"],"time":["2023-05-03 20:09:51"],"user":["Kathrin Kuhn"],"umph":[1683137391.3302],"ok":[true],"chunk":[9],"ex":[1],"e.ind":[0],"code":["\n# enter your code here ...\n\"unverzerrt\""],"message":[""]}
,
{"type":["check_chunk"],"time":["2023-05-03 20:09:51"],"user":["Kathrin Kuhn"],"umph":[1683137391.576],"ok":[true],"chunk":[10],"ex":[1],"e.ind":[0],"code":["########################################\n# Beispiel 1: w hat nur Einfluss auf y\n########################################\nset.seed(123)\nn <- 10000\nbeta1 <- 2 # wahrer kausaler effekt\nw <- rnorm(n,0,1)\nx <- rnorm(n,0,1)\ny <- beta1*x + w + rnorm(n,0,1)\n\n# Regression mit w als Kontrollvariable\nreg1 <- lm(y~x+w)\n# Regression ohne w als Kontrollvariable\nreg2 <- lm(y~x)\n# Zeige Ergbenisse nebeneinander\nlibrary(stargazer)\nstargazer(reg1, reg2, type=\"text\", digits=3, keep.stat=c(\"n\"))"],"message":[""]}
,
{"type":["check_chunk"],"time":["2023-05-03 20:09:51"],"user":["Kathrin Kuhn"],"umph":[1683137391.7899],"ok":[true],"chunk":[11],"ex":[1],"e.ind":[0],"code":["########################################\n# Beispiel 2: w hat Einfluss auf y und x\n########################################\nset.seed(123)\nn <- 10000\nbeta1 <- 2 # wahrer kausaler effekt\nw <- rnorm(n,0,1)\nx <- rnorm(n,0,1) + w\ny <- beta1*x + w + rnorm(n,0,1)\n\n# Regression mit w als Kontrollvariable\nreg1 <- lm(y~x+w)\n# Regression ohne w als Kontrollvariable\nreg2 <- lm(y~x)\n# Zeige Ergbenisse nebeneinander\nstargazer(reg1, reg2, type=\"text\", digits=3, keep.stat=c(\"n\"))"],"message":[""]}
,
{"type":["check_chunk"],"time":["2023-05-03 20:09:51"],"user":["Kathrin Kuhn"],"umph":[1683137391.8001],"ok":[false],"chunk":[12],"ex":[1],"e.ind":[1],"code":["\n# enter your code here ...\n"],"message":["\nYou have not yet entered all correct commands in chunk 1_g_5."]}
,
{"type":["check_ps"],"time":["2023-05-03 20:12:13"],"user":["Kathrin Kuhn"],"umph":[1683137533.0188],"ok":[true]}
,
{"type":["check_chunk"],"time":["2023-05-03 20:12:13"],"user":["Kathrin Kuhn"],"umph":[1683137533.0314],"ok":[false],"chunk":[12],"ex":[1],"e.ind":[1],"code":["\n# enter your code here ...\n"],"message":["\nYou have not yet entered all correct commands in chunk 1_g_5."]}
,
{"type":["check_ps"],"time":["2023-05-03 20:15:21"],"user":["Kathrin Kuhn"],"umph":[1683137721.6351],"ok":[true]}
,
{"type":["check_chunk"],"time":["2023-05-03 20:15:21"],"user":["Kathrin Kuhn"],"umph":[1683137721.6487],"ok":[true],"chunk":[12],"ex":[1],"e.ind":[0],"code":["\n# enter your code here ...\n\"nein\""],"message":[""]}
,
{"type":["check_chunk"],"time":["2023-05-03 20:15:21"],"user":["Kathrin Kuhn"],"umph":[1683137721.6618],"ok":[true],"chunk":[13],"ex":[1],"e.ind":[0],"code":["confint(lm(y~x))"],"message":[""]}
,
{"type":["check_chunk"],"time":["2023-05-03 20:15:21"],"user":["Kathrin Kuhn"],"umph":[1683137721.6758],"ok":[false],"chunk":[14],"ex":[1],"e.ind":[1],"code":["\n# enter your code here ...\n"],"message":["\nYou have not yet entered all correct commands in chunk 1_g_7."]}
,
{"type":["check_ps"],"time":["2023-05-03 20:16:23"],"user":["Kathrin Kuhn"],"umph":[1683137783.7315],"ok":[true]}
,
{"type":["check_chunk"],"time":["2023-05-03 20:16:23"],"user":["Kathrin Kuhn"],"umph":[1683137783.7782],"ok":[true],"chunk":[14],"ex":[1],"e.ind":[0],"code":["\n# enter your code here ...\nconfint(lm(y~x), level = 0.99)"],"message":[""]}
,
{"type":["check_chunk"],"time":["2023-05-03 20:16:23"],"user":["Kathrin Kuhn"],"umph":[1683137783.7863],"ok":[true],"chunk":[15],"ex":[1],"e.ind":[0],"code":["cor(wage1$exper,wage1$wage)"],"message":[""]}
,
{"type":["check_chunk"],"time":["2023-05-03 20:16:23"],"user":["Kathrin Kuhn"],"umph":[1683137783.7937],"ok":[true],"chunk":[16],"ex":[1],"e.ind":[0],"code":["cor(wage1$exper,wage1$educ)"],"message":[""]}
,
{"type":["check_chunk"],"time":["2023-05-03 20:16:23"],"user":["Kathrin Kuhn"],"umph":[1683137783.8268],"ok":[true],"chunk":[17],"ex":[1],"e.ind":[0],"code":["grViz('digraph G {\n\nx [label=\"Ausbildungsjahre x\"]\ny [label=\"Stundenlohn y\"]\nw [label=\"Arbeitserfahrung\"]\n\nx -> y [label=\"+\"];\nx -> w [label=\"-\"];\nw -> y [label=\"+\"];\n}')\n"],"message":[""]}
,
{"type":["check_chunk"],"time":["2023-05-03 20:16:23"],"user":["Kathrin Kuhn"],"umph":[1683137783.8379],"ok":[true],"chunk":[18],"ex":[1],"e.ind":[0],"code":["coef(lm(wage~educ, data=wage1))"],"message":[""]}
,
{"type":["check_chunk"],"time":["2023-05-03 20:16:23"],"user":["Kathrin Kuhn"],"umph":[1683137783.853],"ok":[false],"chunk":[19],"ex":[1],"e.ind":[1],"code":["\n# enter your code here ...\n"],"message":["\nYou have not yet entered all correct commands in chunk 1_h_5."]}
,
{"type":["check_ps"],"time":["2023-05-03 20:19:33"],"user":["Kathrin Kuhn"],"umph":[1683137973.0601],"ok":[true]}
,
{"type":["check_chunk"],"time":["2023-05-03 20:19:33"],"user":["Kathrin Kuhn"],"umph":[1683137973.075],"ok":[false],"chunk":[19],"ex":[1],"e.ind":[1],"code":["\n# enter your code here ...\n\"kleiner\""],"message":["\nYou have not yet entered all correct commands in chunk 1_h_5."]}
,
{"type":["check_ps"],"time":["2023-05-03 20:19:49"],"user":["Kathrin Kuhn"],"umph":[1683137989.64],"ok":[true]}
,
{"type":["check_chunk"],"time":["2023-05-03 20:19:49"],"user":["Kathrin Kuhn"],"umph":[1683137989.6567],"ok":[true],"chunk":[19],"ex":[1],"e.ind":[0],"code":["\n# enter your code here ...\n\"groesser\""],"message":[""]}
,
{"type":["check_chunk"],"time":["2023-05-03 20:19:49"],"user":["Kathrin Kuhn"],"umph":[1683137989.6651],"ok":[true],"chunk":[20],"ex":[1],"e.ind":[0],"code":["coef(lm(wage~educ+exper, data=wage1))"],"message":[""]}
,
{"type":["check_chunk"],"time":["2023-05-03 20:19:49"],"user":["Kathrin Kuhn"],"umph":[1683137989.6754],"ok":[false],"chunk":[21],"ex":[1],"e.ind":[1],"code":["\n# enter your code here ...\n"],"message":["\nYou have not yet entered all correct commands in chunk 1_h_7."]}
,
{"type":["check_ps"],"time":["2023-05-03 20:21:39"],"user":["Kathrin Kuhn"],"umph":[1683138099.4171],"ok":[true]}
,
{"type":["check_chunk"],"time":["2023-05-03 20:21:39"],"user":["Kathrin Kuhn"],"umph":[1683138099.4401],"ok":[false],"chunk":[21],"ex":[1],"e.ind":[1],"code":["\n# enter your code here ...\n0.64"],"message":["\nYou have not yet entered all correct commands in chunk 1_h_7."]}
,
{"type":["check_ps"],"time":["2023-05-03 20:22:11"],"user":["Kathrin Kuhn"],"umph":[1683138131.0175],"ok":[true]}
,
{"type":["check_chunk"],"time":["2023-05-03 20:22:11"],"user":["Kathrin Kuhn"],"umph":[1683138131.0334],"ok":[true],"chunk":[21],"ex":[1],"e.ind":[0],"code":["\n# enter your code here ...\n0.54"],"message":[""]}
,
{"type":["check_chunk"],"time":["2023-05-03 20:22:11"],"user":["Kathrin Kuhn"],"umph":[1683138131.0548],"ok":[false],"chunk":[22],"ex":[1],"e.ind":[3],"code":["reg1 <- lm(wage ~ educ, data = wage1)\nreg2 <- lm(wage ~ educ + female + nonwhite, data=wage1)\n\n# enter your code here ...\n"],"message":["\nYou have not yet made an assignment to reg3 in chunk 1_i."]}
,
{"type":["check_ps"],"time":["2023-05-03 20:23:57"],"user":["Kathrin Kuhn"],"umph":[1683138237.9059],"ok":[true]}
,
{"type":["check_chunk"],"time":["2023-05-03 20:23:57"],"user":["Kathrin Kuhn"],"umph":[1683138237.9345],"ok":[false],"chunk":[22],"ex":[1],"e.ind":[3],"code":["reg1 <- lm(wage ~ educ, data = wage1)\nreg2 <- lm(wage ~ educ + female + nonwhite, data=wage1)\n\n# enter your code here ...\nreg3 <- lm(wage ~ female + nonwhite + exper, data=wage1)"],"message":["\nYou have not made a correct assignment to reg3 in chunk 1_i."]}
,
{"type":["check_ps"],"time":["2023-05-03 20:24:15"],"user":["Kathrin Kuhn"],"umph":[1683138255.7406],"ok":[true]}
,
{"type":["check_chunk"],"time":["2023-05-03 20:24:15"],"user":["Kathrin Kuhn"],"umph":[1683138255.7673],"ok":[true],"chunk":[22],"ex":[1],"e.ind":[0],"code":["reg1 <- lm(wage ~ educ, data = wage1)\nreg2 <- lm(wage ~ educ + female + nonwhite, data=wage1)\n\n# enter your code here ...\nreg3 <- lm(wage ~ educ + female + nonwhite + exper, data=wage1)"],"message":[""]}
,
{"type":["check_chunk"],"time":["2023-05-03 20:24:16"],"user":["Kathrin Kuhn"],"umph":[1683138256.1019],"ok":[true],"chunk":[23],"ex":[1],"e.ind":[0],"code":["stargazer( reg1, reg2, reg3 ,type = \"text\",  digits=2, omit.stat = c(\"f\",\"ser\"))"],"message":[""]}
,
{"type":["check_chunk"],"time":["2023-05-03 20:24:16"],"user":["Kathrin Kuhn"],"umph":[1683138256.1171],"ok":[false],"chunk":[25],"ex":[2],"e.ind":[1],"code":["\n# enter your code here ...\n"],"message":["\nYou have not yet made an assignment to n_train in chunk 2_a_2."]}
,
{"type":["hint"],"time":["2023-05-03 20:28:33"],"user":["Kathrin Kuhn"],"umph":[1683138513.1507],"ok":[true],"chunk":[25],"ex":[2],"e.ind":[1]}
,
{"type":["hint"],"time":["2023-05-03 20:28:55"],"user":["Kathrin Kuhn"],"umph":[1683138535.7592],"ok":[true],"chunk":[25],"ex":[2],"e.ind":[1]}
,
{"type":["check_ps"],"time":["2023-05-03 20:29:49"],"user":["Kathrin Kuhn"],"umph":[1683138589.3546],"ok":[true]}
,
{"type":["check_chunk"],"time":["2023-05-03 20:29:49"],"user":["Kathrin Kuhn"],"umph":[1683138589.3731],"ok":[false],"chunk":[25],"ex":[2],"e.ind":[2],"code":["\n# enter your code here ...\nn_train <- sum(jtrain3$train)"],"message":["\nYou have not yet entered all correct commands in chunk 2_a_2."]}
,
{"type":["hint"],"time":["2023-05-03 20:30:02"],"user":["Kathrin Kuhn"],"umph":[1683138602.1532],"ok":[true],"chunk":[25],"ex":[2],"e.ind":[2]}
,
{"type":["check_ps"],"time":["2023-05-03 20:30:15"],"user":["Kathrin Kuhn"],"umph":[1683138615.0348],"ok":[true]}
,
{"type":["check_chunk"],"time":["2023-05-03 20:30:15"],"user":["Kathrin Kuhn"],"umph":[1683138615.0677],"ok":[true],"chunk":[25],"ex":[2],"e.ind":[0],"code":["\n# enter your code here ...\nn_train <- sum(jtrain3$train)\nn_train"],"message":[""]}
,
{"type":["check_chunk"],"time":["2023-05-03 20:30:15"],"user":["Kathrin Kuhn"],"umph":[1683138615.0781],"ok":[false],"chunk":[26],"ex":[2],"e.ind":[1],"code":["\n# enter your code here ...\n"],"message":["\nYou have not yet entered all correct commands in chunk 2_a_3."]}
,
{"type":["check_ps"],"time":["2023-05-03 20:30:42"],"user":["Kathrin Kuhn"],"umph":[1683138642.6337],"ok":[true]}
,
{"type":["check_chunk"],"time":["2023-05-03 20:30:42"],"user":["Kathrin Kuhn"],"umph":[1683138642.6516],"ok":[false],"chunk":[26],"ex":[2],"e.ind":[1],"code":["\n# enter your code here ...\n1"],"message":["\nYou have not yet entered all correct commands in chunk 2_a_3."]}
,
{"type":["check_ps"],"time":["2023-05-03 20:30:53"],"user":["Kathrin Kuhn"],"umph":[1683138653.0074],"ok":[true]}
,
{"type":["check_chunk"],"time":["2023-05-03 20:30:53"],"user":["Kathrin Kuhn"],"umph":[1683138653.0279],"ok":[true],"chunk":[26],"ex":[2],"e.ind":[0],"code":["\n# enter your code here ...\n2"],"message":[""]}
,
{"type":["check_chunk"],"time":["2023-05-03 20:30:53"],"user":["Kathrin Kuhn"],"umph":[1683138653.0391],"ok":[false],"chunk":[27],"ex":[2],"e.ind":[1],"code":["\n# enter your code here ...\n\n\n# enter your code here ...\n"],"message":["\nYou have not yet made an assignment to reg1 in chunk 2_b."]}
,
{"type":["check_ps"],"time":["2023-05-03 20:31:50"],"user":["Kathrin Kuhn"],"umph":[1683138710.9743],"ok":[true]}
,
{"type":["check_chunk"],"time":["2023-05-03 20:31:50"],"user":["Kathrin Kuhn"],"umph":[1683138710.9906],"ok":[false],"chunk":[27],"ex":[2],"e.ind":[1],"code":["\n# enter your code here ...\nreg1 <- lm(y~x, data = jtrain3)\n\n# enter your code here ...\nsummary(reg1)"],"message":["\nYou have not made a correct assignment to reg1 in chunk 2_b."]}
,
{"type":["check_ps"],"time":["2023-05-03 20:33:20"],"user":["Kathrin Kuhn"],"umph":[1683138800.4579],"ok":[true]}
,
{"type":["check_chunk"],"time":["2023-05-03 20:33:20"],"user":["Kathrin Kuhn"],"umph":[1683138800.4823],"ok":[true],"chunk":[27],"ex":[2],"e.ind":[0],"code":["\n# enter your code here ...\nreg1 <- lm(unem78~train, data = jtrain3)\n\n# enter your code here ...\nsummary(reg1)"],"message":[""]}
,
{"type":["check_chunk"],"time":["2023-05-03 20:33:20"],"user":["Kathrin Kuhn"],"umph":[1683138800.4901],"ok":[false],"chunk":[28],"ex":[2],"e.ind":[0],"code":[".PH_._ %>% \n group_by(.PH_._) %>%\n summarize(mean(train), mean(.PH_._))\n\n# enter your code here ...\n"],"message":["evaluation error in \n  ___ %>% group_by(___) %>% summarize(mean(train), mean(___))\n  Error in group_by(., ___): object '___' not found\n"]}
,
{"type":["hint"],"time":["2023-05-03 20:35:34"],"user":["Kathrin Kuhn"],"umph":[1683138934.6624],"ok":[true],"chunk":[28],"ex":[2],"e.ind":[0]}
,
{"type":["check_ps"],"time":["2023-05-03 20:36:17"],"user":["Kathrin Kuhn"],"umph":[1683138977.692],"ok":[true]}
,
{"type":["check_chunk"],"time":["2023-05-03 20:36:17"],"user":["Kathrin Kuhn"],"umph":[1683138977.7368],"ok":[true],"chunk":[28],"ex":[2],"e.ind":[0],"code":["jtrain3 %>% \n group_by(unem75) %>%\n summarize(mean(train), mean(unem78))\n\n# enter your code here ...\n"],"message":[""]}
,
{"type":["check_chunk"],"time":["2023-05-03 20:36:17"],"user":["Kathrin Kuhn"],"umph":[1683138977.7678],"ok":[true],"chunk":[29],"ex":[2],"e.ind":[0],"code":["library(DiagrammeR)\ngrViz('digraph G {\n\nx [label=\"Weiterbildung in 1977\"]\ny [label=\"Arbeitslos in 1978\"]\nw [label=\"Arbeitslos in 1975\"]\n\nx -> y [label=\"?\"]\nw -> x [label=\"+\"]\nw -> y [label=\"+\"]\n}')"],"message":[""]}
,
{"type":["check_chunk"],"time":["2023-05-03 20:36:17"],"user":["Kathrin Kuhn"],"umph":[1683138977.7795],"ok":[false],"chunk":[30],"ex":[2],"e.ind":[1],"code":["\n# enter your code here ...\n"],"message":["\nYou have not yet entered all correct commands in chunk 2_d_2."]}
,
{"type":["check_ps"],"time":["2023-05-03 20:41:13"],"user":["Kathrin Kuhn"],"umph":[1683139273.2863],"ok":[true]}
,
{"type":["check_chunk"],"time":["2023-05-03 20:41:13"],"user":["Kathrin Kuhn"],"umph":[1683139273.3013],"ok":[true],"chunk":[30],"ex":[2],"e.ind":[0],"code":["\n# enter your code here ...\n\"kleiner\""],"message":[""]}
,
{"type":["check_chunk"],"time":["2023-05-03 20:41:13"],"user":["Kathrin Kuhn"],"umph":[1683139273.312],"ok":[false],"chunk":[31],"ex":[2],"e.ind":[1],"code":["\n# enter your code here ...\n"],"message":["\nYou have not yet made an assignment to reg2 in chunk 2_d_3."]}
,
{"type":["check_ps"],"time":["2023-05-03 20:42:38"],"user":["Kathrin Kuhn"],"umph":[1683139358.03],"ok":[true]}
,
{"type":["check_chunk"],"time":["2023-05-03 20:42:38"],"user":["Kathrin Kuhn"],"umph":[1683139358.3087],"ok":[true],"chunk":[31],"ex":[2],"e.ind":[0],"code":["\n# enter your code here ...\nreg2 <- lm(unem78 ~ train + unem75, data = jtrain3)\nstargazer( reg1, reg2 ,type = \"text\",  digits=2, omit.stat = c(\"f\",\"ser\"))"],"message":[""]}
,
{"type":["check_chunk"],"time":["2023-05-03 20:42:38"],"user":["Kathrin Kuhn"],"umph":[1683139358.3189],"ok":[false],"chunk":[32],"ex":[2],"e.ind":[1],"code":["\n# enter your code here ...\n"],"message":["\nYou have not yet made an assignment to jtrain3_la in chunk 2_e."]}
,
{"type":["hint"],"time":["2023-05-03 20:46:28"],"user":["Kathrin Kuhn"],"umph":[1683139588.7577],"ok":[true],"chunk":[32],"ex":[2],"e.ind":[1]}
,
{"type":["hint"],"time":["2023-05-03 20:46:43"],"user":["Kathrin Kuhn"],"umph":[1683139603.2053],"ok":[true],"chunk":[32],"ex":[2],"e.ind":[1]}
,
{"type":["hint"],"time":["2023-05-03 20:47:50"],"user":["Kathrin Kuhn"],"umph":[1683139670.0957],"ok":[true],"chunk":[32],"ex":[2],"e.ind":[1]}
,
{"type":["hint"],"time":["2023-05-03 20:48:01"],"user":["Kathrin Kuhn"],"umph":[1683139681.199],"ok":[true],"chunk":[32],"ex":[2],"e.ind":[1]}
,
{"type":["hint"],"time":["2023-05-03 20:48:05"],"user":["Kathrin Kuhn"],"umph":[1683139685.6384],"ok":[true],"chunk":[32],"ex":[2],"e.ind":[1]}
,
{"type":["check_ps"],"time":["2023-05-03 20:48:27"],"user":["Kathrin Kuhn"],"umph":[1683139707.0242],"ok":[true]}
,
{"type":["check_chunk"],"time":["2023-05-03 20:48:27"],"user":["Kathrin Kuhn"],"umph":[1683139707.0634],"ok":[true],"chunk":[32],"ex":[2],"e.ind":[0],"code":["\n# enter your code here ...\njtrain3_la <- filter(jtrain3, unem75 == 1)\njtrain3_ka <- filter(jtrain3, unem75 == 0)"],"message":[""]}
,
{"type":["check_chunk"],"time":["2023-05-03 20:48:27"],"user":["Kathrin Kuhn"],"umph":[1683139707.0754],"ok":[false],"chunk":[33],"ex":[2],"e.ind":[1],"code":["\n# enter your code here ...\n\nstargazer(reg1, reg2, reg_la, reg_ka,type=\"text\",keep.stat=c(\"n\"), column.labels = c(\"alle\",\"alle\", \"Lang Alo\",\"Kurz Alo\") )"],"message":["\nYou have not yet made an assignment to reg_la in chunk 2_e_2."]}
,
{"type":["check_ps"],"time":["2023-05-03 20:49:49"],"user":["Kathrin Kuhn"],"umph":[1683139789.268],"ok":[true]}
,
{"type":["check_chunk"],"time":["2023-05-03 20:49:49"],"user":["Kathrin Kuhn"],"umph":[1683139789.5763],"ok":[true],"chunk":[33],"ex":[2],"e.ind":[0],"code":["\n# enter your code here ...\nreg_la <- lm(unem78~train, data = jtrain3_la)\nreg_ka <- lm(unem78~train, data = jtrain3_ka)\nstargazer(reg1, reg2, reg_la, reg_ka,type=\"text\",keep.stat=c(\"n\"), column.labels = c(\"alle\",\"alle\", \"Lang Alo\",\"Kurz Alo\") )"],"message":[""]}
,
{"type":["check_chunk"],"time":["2023-05-03 20:49:49"],"user":["Kathrin Kuhn"],"umph":[1683139789.8675],"ok":[true],"chunk":[34],"ex":[2],"e.ind":[0],"code":["reg3 <- lm(unem78 ~ train + unem75 + train:unem75 , data=jtrain3)\nstargazer(reg_la, reg_ka, reg3, type=\"text\",keep.stat=c(\"n\"), column.labels = c(\"Lang Alo\",\"Kurz Alo\", \"alle\") )"],"message":[""]}
,
{"type":["check_chunk"],"time":["2023-05-03 20:49:49"],"user":["Kathrin Kuhn"],"umph":[1683139789.8819],"ok":[false],"chunk":[35],"ex":[2],"e.ind":[1],"code":["\n# enter your code here ...\n"],"message":["\nYou have not yet entered all correct commands in chunk 2_f_2."]}
,
{"type":["check_ps"],"time":["2023-05-03 20:51:23"],"user":["Kathrin Kuhn"],"umph":[1683139883.3532],"ok":[true]}
,
{"type":["check_chunk"],"time":["2023-05-03 20:51:23"],"user":["Kathrin Kuhn"],"umph":[1683139883.3673],"ok":[false],"chunk":[35],"ex":[2],"e.ind":[1],"code":["\n# enter your code here ...\n\"ja\""],"message":["\nYou have not yet entered all correct commands in chunk 2_f_2."]}
,
{"type":["check_ps"],"time":["2023-05-03 20:51:32"],"user":["Kathrin Kuhn"],"umph":[1683139892.902],"ok":[true]}
,
{"type":["check_chunk"],"time":["2023-05-03 20:51:32"],"user":["Kathrin Kuhn"],"umph":[1683139892.9166],"ok":[true],"chunk":[35],"ex":[2],"e.ind":[0],"code":["\n# enter your code here ...\n\"nein\""],"message":[""]}
,
{"type":["grade_ps"],"time":["2023-05-03 20:51:48"],"user":["Kathrin Kuhn"],"umph":[1683139908.2817],"ok":[true]}
,
{"type":["init_ps"],"time":["2023-05-03 20:51:48"],"user":["Kathrin Kuhn"],"umph":[1683139908.2986],"ok":[true]}
,
{"type":["check_chunk"],"time":["2023-05-03 20:51:48"],"user":["Kathrin Kuhn"],"umph":[1683139908.8262],"ok":[true],"chunk":[1],"ex":[1],"e.ind":[0],"code":["library(wooldridge)\ndata(wage1)\nhead(wage1)\nskim(wage1)"],"message":[""]}
,
{"type":["check_chunk"],"time":["2023-05-03 20:51:48"],"user":["Kathrin Kuhn"],"umph":[1683139908.8424],"ok":[true],"chunk":[2],"ex":[1],"e.ind":[0],"code":["\n# enter your code here ...\nreg1 <- lm(wage ~ educ, data = wage1)\n\n# enter your code here ...\nsummary(reg1)\n"],"message":[""]}
,
{"type":["check_chunk"],"time":["2023-05-03 20:51:48"],"user":["Kathrin Kuhn"],"umph":[1683139908.8524],"ok":[true],"chunk":[3],"ex":[1],"e.ind":[0],"code":["\n# enter your code here ...\n\"nein\""],"message":[""]}
,
{"type":["check_chunk"],"time":["2023-05-03 20:51:48"],"user":["Kathrin Kuhn"],"umph":[1683139908.891],"ok":[true],"chunk":[4],"ex":[1],"e.ind":[0],"code":["wage1 %>%\n mutate(gender = ifelse(female==1,\"female\",\"male\")) %>%\n group_by(gender) %>%\n summarize(mean(educ))\n\n# enter your code here ...\n"],"message":[""]}
,
{"type":["check_chunk"],"time":["2023-05-03 20:51:48"],"user":["Kathrin Kuhn"],"umph":[1683139908.9214],"ok":[true],"chunk":[5],"ex":[1],"e.ind":[0],"code":["grViz('digraph G {\n\nx [label=\"Ausbildungsjahre x\"]\ny [label=\"Stundenlohn y\"]\nw [label=\"maennlich\"]\n\nx -> y [label=\"+\"];\nw -> x [label=\"+\"];\nw -> y [label=\"+\"];\n}')"],"message":[""]}
,
{"type":["check_chunk"],"time":["2023-05-03 20:51:48"],"user":["Kathrin Kuhn"],"umph":[1683139908.9331],"ok":[true],"chunk":[6],"ex":[1],"e.ind":[0],"code":["\n# enter your code here ...\n1"],"message":[""]}
,
{"type":["check_chunk"],"time":["2023-05-03 20:51:48"],"user":["Kathrin Kuhn"],"umph":[1683139908.9514],"ok":[true],"chunk":[7],"ex":[1],"e.ind":[0],"code":["reg2 <- lm(wage ~ educ + female, data=wage1)\nsummary(reg2)"],"message":[""]}
,
{"type":["check_chunk"],"time":["2023-05-03 20:51:49"],"user":["Kathrin Kuhn"],"umph":[1683139909.5839],"ok":[true],"chunk":[8],"ex":[1],"e.ind":[0],"code":["grViz('digraph G {\nx -> y [label=\"+\"];\nw -> y [label=\"+\"];\n}')"],"message":[""]}
,
{"type":["check_chunk"],"time":["2023-05-03 20:51:49"],"user":["Kathrin Kuhn"],"umph":[1683139909.5997],"ok":[true],"chunk":[9],"ex":[1],"e.ind":[0],"code":["\n# enter your code here ...\n\"unverzerrt\""],"message":[""]}
,
{"type":["check_chunk"],"time":["2023-05-03 20:51:50"],"user":["Kathrin Kuhn"],"umph":[1683139910.4747],"ok":[true],"chunk":[10],"ex":[1],"e.ind":[0],"code":["########################################\n# Beispiel 1: w hat nur Einfluss auf y\n########################################\nset.seed(123)\nn <- 10000\nbeta1 <- 2 # wahrer kausaler effekt\nw <- rnorm(n,0,1)\nx <- rnorm(n,0,1)\ny <- beta1*x + w + rnorm(n,0,1)\n\n# Regression mit w als Kontrollvariable\nreg1 <- lm(y~x+w)\n# Regression ohne w als Kontrollvariable\nreg2 <- lm(y~x)\n# Zeige Ergbenisse nebeneinander\nlibrary(stargazer)\nstargazer(reg1, reg2, type=\"text\", digits=3, keep.stat=c(\"n\"))"],"message":[""]}
,
{"type":["check_chunk"],"time":["2023-05-03 20:51:50"],"user":["Kathrin Kuhn"],"umph":[1683139910.6918],"ok":[true],"chunk":[11],"ex":[1],"e.ind":[0],"code":["########################################\n# Beispiel 2: w hat Einfluss auf y und x\n########################################\nset.seed(123)\nn <- 10000\nbeta1 <- 2 # wahrer kausaler effekt\nw <- rnorm(n,0,1)\nx <- rnorm(n,0,1) + w\ny <- beta1*x + w + rnorm(n,0,1)\n\n# Regression mit w als Kontrollvariable\nreg1 <- lm(y~x+w)\n# Regression ohne w als Kontrollvariable\nreg2 <- lm(y~x)\n# Zeige Ergbenisse nebeneinander\nstargazer(reg1, reg2, type=\"text\", digits=3, keep.stat=c(\"n\"))"],"message":[""]}
,
{"type":["check_chunk"],"time":["2023-05-03 20:51:50"],"user":["Kathrin Kuhn"],"umph":[1683139910.7013],"ok":[true],"chunk":[12],"ex":[1],"e.ind":[0],"code":["\n# enter your code here ...\n\"nein\""],"message":[""]}
,
{"type":["check_chunk"],"time":["2023-05-03 20:51:50"],"user":["Kathrin Kuhn"],"umph":[1683139910.7122],"ok":[true],"chunk":[13],"ex":[1],"e.ind":[0],"code":["confint(lm(y~x))"],"message":[""]}
,
{"type":["check_chunk"],"time":["2023-05-03 20:51:50"],"user":["Kathrin Kuhn"],"umph":[1683139910.7367],"ok":[true],"chunk":[14],"ex":[1],"e.ind":[0],"code":["\n# enter your code here ...\nconfint(lm(y~x), level = 0.99)"],"message":[""]}
,
{"type":["check_chunk"],"time":["2023-05-03 20:51:50"],"user":["Kathrin Kuhn"],"umph":[1683139910.7437],"ok":[true],"chunk":[15],"ex":[1],"e.ind":[0],"code":["cor(wage1$exper,wage1$wage)"],"message":[""]}
,
{"type":["check_chunk"],"time":["2023-05-03 20:51:50"],"user":["Kathrin Kuhn"],"umph":[1683139910.7502],"ok":[true],"chunk":[16],"ex":[1],"e.ind":[0],"code":["cor(wage1$exper,wage1$educ)"],"message":[""]}
,
{"type":["check_chunk"],"time":["2023-05-03 20:51:50"],"user":["Kathrin Kuhn"],"umph":[1683139910.7804],"ok":[true],"chunk":[17],"ex":[1],"e.ind":[0],"code":["grViz('digraph G {\n\nx [label=\"Ausbildungsjahre x\"]\ny [label=\"Stundenlohn y\"]\nw [label=\"Arbeitserfahrung\"]\n\nx -> y [label=\"+\"];\nx -> w [label=\"-\"];\nw -> y [label=\"+\"];\n}')\n"],"message":[""]}
,
{"type":["check_chunk"],"time":["2023-05-03 20:51:50"],"user":["Kathrin Kuhn"],"umph":[1683139910.7888],"ok":[true],"chunk":[18],"ex":[1],"e.ind":[0],"code":["coef(lm(wage~educ, data=wage1))"],"message":[""]}
,
{"type":["check_chunk"],"time":["2023-05-03 20:51:50"],"user":["Kathrin Kuhn"],"umph":[1683139910.7992],"ok":[true],"chunk":[19],"ex":[1],"e.ind":[0],"code":["\n# enter your code here ...\n\"groesser\""],"message":[""]}
,
{"type":["check_chunk"],"time":["2023-05-03 20:51:50"],"user":["Kathrin Kuhn"],"umph":[1683139910.8071],"ok":[true],"chunk":[20],"ex":[1],"e.ind":[0],"code":["coef(lm(wage~educ+exper, data=wage1))"],"message":[""]}
,
{"type":["check_chunk"],"time":["2023-05-03 20:51:50"],"user":["Kathrin Kuhn"],"umph":[1683139910.8214],"ok":[true],"chunk":[21],"ex":[1],"e.ind":[0],"code":["\n# enter your code here ...\n0.54"],"message":[""]}
,
{"type":["check_chunk"],"time":["2023-05-03 20:51:51"],"user":["Kathrin Kuhn"],"umph":[1683139911.4796],"ok":[true],"chunk":[22],"ex":[1],"e.ind":[0],"code":["reg1 <- lm(wage ~ educ, data = wage1)\nreg2 <- lm(wage ~ educ + female + nonwhite, data=wage1)\n\n# enter your code here ...\nreg3 <- lm(wage ~ educ + female + nonwhite + exper, data=wage1)"],"message":[""]}
,
{"type":["check_chunk"],"time":["2023-05-03 20:51:51"],"user":["Kathrin Kuhn"],"umph":[1683139911.8333],"ok":[true],"chunk":[23],"ex":[1],"e.ind":[0],"code":["stargazer( reg1, reg2, reg3 ,type = \"text\",  digits=2, omit.stat = c(\"f\",\"ser\"))"],"message":[""]}
,
{"type":["check_chunk"],"time":["2023-05-03 20:51:52"],"user":["Kathrin Kuhn"],"umph":[1683139912.1619],"ok":[true],"chunk":[24],"ex":[2],"e.ind":[0],"code":["help(jtrain3)\ndata(jtrain3)\nhead(jtrain3)\nskim(jtrain3)"],"message":[""]}
,
{"type":["check_chunk"],"time":["2023-05-03 20:51:52"],"user":["Kathrin Kuhn"],"umph":[1683139912.1793],"ok":[true],"chunk":[25],"ex":[2],"e.ind":[0],"code":["\n# enter your code here ...\nn_train <- sum(jtrain3$train)\nn_train"],"message":[""]}
,
{"type":["check_chunk"],"time":["2023-05-03 20:51:52"],"user":["Kathrin Kuhn"],"umph":[1683139912.1902],"ok":[true],"chunk":[26],"ex":[2],"e.ind":[0],"code":["\n# enter your code here ...\n2"],"message":[""]}
,
{"type":["check_chunk"],"time":["2023-05-03 20:51:52"],"user":["Kathrin Kuhn"],"umph":[1683139912.2093],"ok":[true],"chunk":[27],"ex":[2],"e.ind":[0],"code":["\n# enter your code here ...\nreg1 <- lm(unem78~train, data = jtrain3)\n\n# enter your code here ...\nsummary(reg1)"],"message":[""]}
,
{"type":["check_chunk"],"time":["2023-05-03 20:51:52"],"user":["Kathrin Kuhn"],"umph":[1683139912.2519],"ok":[true],"chunk":[28],"ex":[2],"e.ind":[0],"code":["jtrain3 %>% \n group_by(unem75) %>%\n summarize(mean(train), mean(unem78))\n\n# enter your code here ...\n"],"message":[""]}
,
{"type":["check_chunk"],"time":["2023-05-03 20:51:52"],"user":["Kathrin Kuhn"],"umph":[1683139912.2875],"ok":[true],"chunk":[29],"ex":[2],"e.ind":[0],"code":["library(DiagrammeR)\ngrViz('digraph G {\n\nx [label=\"Weiterbildung in 1977\"]\ny [label=\"Arbeitslos in 1978\"]\nw [label=\"Arbeitslos in 1975\"]\n\nx -> y [label=\"?\"]\nw -> x [label=\"+\"]\nw -> y [label=\"+\"]\n}')"],"message":[""]}
,
{"type":["check_chunk"],"time":["2023-05-03 20:51:52"],"user":["Kathrin Kuhn"],"umph":[1683139912.3034],"ok":[true],"chunk":[30],"ex":[2],"e.ind":[0],"code":["\n# enter your code here ...\n\"kleiner\""],"message":[""]}
,
{"type":["check_chunk"],"time":["2023-05-03 20:51:53"],"user":["Kathrin Kuhn"],"umph":[1683139913.1662],"ok":[true],"chunk":[31],"ex":[2],"e.ind":[0],"code":["\n# enter your code here ...\nreg2 <- lm(unem78 ~ train + unem75, data = jtrain3)\nstargazer( reg1, reg2 ,type = \"text\",  digits=2, omit.stat = c(\"f\",\"ser\"))"],"message":[""]}
,
{"type":["check_chunk"],"time":["2023-05-03 20:51:53"],"user":["Kathrin Kuhn"],"umph":[1683139913.2056],"ok":[true],"chunk":[32],"ex":[2],"e.ind":[0],"code":["\n# enter your code here ...\njtrain3_la <- filter(jtrain3, unem75 == 1)\njtrain3_ka <- filter(jtrain3, unem75 == 0)"],"message":[""]}
,
{"type":["check_chunk"],"time":["2023-05-03 20:51:53"],"user":["Kathrin Kuhn"],"umph":[1683139913.5501],"ok":[true],"chunk":[33],"ex":[2],"e.ind":[0],"code":["\n# enter your code here ...\nreg_la <- lm(unem78~train, data = jtrain3_la)\nreg_ka <- lm(unem78~train, data = jtrain3_ka)\nstargazer(reg1, reg2, reg_la, reg_ka,type=\"text\",keep.stat=c(\"n\"), column.labels = c(\"alle\",\"alle\", \"Lang Alo\",\"Kurz Alo\") )"],"message":[""]}
,
{"type":["check_chunk"],"time":["2023-05-03 20:51:53"],"user":["Kathrin Kuhn"],"umph":[1683139913.8413],"ok":[true],"chunk":[34],"ex":[2],"e.ind":[0],"code":["reg3 <- lm(unem78 ~ train + unem75 + train:unem75 , data=jtrain3)\nstargazer(reg_la, reg_ka, reg3, type=\"text\",keep.stat=c(\"n\"), column.labels = c(\"Lang Alo\",\"Kurz Alo\", \"alle\") )"],"message":[""]}
,
{"type":["check_chunk"],"time":["2023-05-03 20:51:53"],"user":["Kathrin Kuhn"],"umph":[1683139913.8507],"ok":[true],"chunk":[35],"ex":[2],"e.ind":[0],"code":["\n# enter your code here ...\n\"nein\""],"message":[""]}
,
