{"type":["init_ps"],"time":["2023-04-19 18:44:08"],"user":["Kathrin Kuhn"],"umph":[1681922648.2354],"ok":[true]}
,
{"type":["check_chunk"],"time":["2023-04-19 18:44:08"],"user":["Kathrin Kuhn"],"umph":[1681922648.2638],"ok":[true],"chunk":[1],"ex":[1],"e.ind":[0],"code":["library(stargazer)"],"message":[""]}
,
{"type":["check_chunk"],"time":["2023-04-19 18:44:08"],"user":["Kathrin Kuhn"],"umph":[1681922648.3639],"ok":[false],"chunk":[2],"ex":[1],"e.ind":[1],"code":["EU_Makro <- read_csv(\"C:/Users/kuhn-/OneDrive/Dokumente/GitHub/22-23/problem-sets/ps4/data/EU_Makro.csv\")\n"],"message":["\nYou have not yet made an assignment to eu_makro in chunk 1_a."]}
,
{"type":["check_ps"],"time":["2023-04-19 18:44:48"],"user":["Kathrin Kuhn"],"umph":[1681922688.376],"ok":[true]}
,
{"type":["check_chunk"],"time":["2023-04-19 18:44:48"],"user":["Kathrin Kuhn"],"umph":[1681922688.6034],"ok":[true],"chunk":[2],"ex":[1],"e.ind":[0],"code":["eu_makro <- read_csv(\"C:/Users/kuhn-/OneDrive/Dokumente/GitHub/22-23/problem-sets/ps4/data/EU_Makro.csv\")\n"],"message":[""]}
,
{"type":["check_chunk"],"time":["2023-04-19 18:44:48"],"user":["Kathrin Kuhn"],"umph":[1681922688.875],"ok":[true],"chunk":[3],"ex":[1],"e.ind":[0],"code":["eu_makro <- eu_makro %>%\n  mutate( debt_share_country_pro = debt_share_country * 100)\n  \ng1 <- eu_makro %>%\n  ggplot(aes(x = debt_share_country_pro, y = unempl)) + geom_point() + \n  xlab(\"Verschuldungsquote in %\") +\n  ylab(\"Arbeitslosenquote in %\")\ng1"],"message":[""]}
,
{"type":["check_chunk"],"time":["2023-04-19 18:44:48"],"user":["Kathrin Kuhn"],"umph":[1681922688.8908],"ok":[false],"chunk":[4],"ex":[1],"e.ind":[1],"code":["reg1 <- lm(.PH_._~debt_share_country_pro, data=.PH_._)\nsummary(.PH_._)\n\n# enter your code here ...\n\n\n# enter your code here ...\n"],"message":["\nYou have not made a correct assignment to reg1 in chunk 1_b."]}
,
{"type":["check_ps"],"time":["2023-04-19 18:54:01"],"user":["Kathrin Kuhn"],"umph":[1681923241.6954],"ok":[true]}
,
{"type":["check_chunk"],"time":["2023-04-19 18:54:01"],"user":["Kathrin Kuhn"],"umph":[1681923241.7289],"ok":[true],"chunk":[4],"ex":[1],"e.ind":[0],"code":["reg1 <- lm(unempl~debt_share_country_pro, data=eu_makro)\nsummary(reg1)\n\n"],"message":[""]}
,
{"type":["check_chunk"],"time":["2023-04-19 18:54:01"],"user":["Kathrin Kuhn"],"umph":[1681923241.7415],"ok":[false],"chunk":[5],"ex":[1],"e.ind":[1],"code":["\nround(reg1$coefficients[1], 3)\n"],"message":["\nOk, in chunk 1_c your command\n\n    round(reg1$coefficients[1], 3)\n\nindeed yields the correct result. But you shall directly use the function '6.895', by just writing \n\n    6.895\n\nPlease change your code."]}
,
{"type":["check_ps"],"time":["2023-04-19 18:54:40"],"user":["Kathrin Kuhn"],"umph":[1681923280.5369],"ok":[true]}
,
{"type":["check_chunk"],"time":["2023-04-19 18:54:40"],"user":["Kathrin Kuhn"],"umph":[1681923280.5505],"ok":[true],"chunk":[5],"ex":[1],"e.ind":[0],"code":["\n6.895 \n"],"message":[""]}
,
{"type":["check_chunk"],"time":["2023-04-19 18:54:40"],"user":["Kathrin Kuhn"],"umph":[1681923280.5615],"ok":[false],"chunk":[6],"ex":[1],"e.ind":[1],"code":["\nb0 <- reg1$coefficients[1]\nb1 <- reg1$coefficients[2]\n"],"message":["\nYou have not yet entered all correct commands in chunk 1_d."]}
,
{"type":["check_ps"],"time":["2023-04-19 18:55:15"],"user":["Kathrin Kuhn"],"umph":[1681923315.9693],"ok":[true]}
,
{"type":["check_chunk"],"time":["2023-04-19 18:55:15"],"user":["Kathrin Kuhn"],"umph":[1681923315.984],"ok":[false],"chunk":[6],"ex":[1],"e.ind":[1],"code":["\nb0 <- reg1$coef[1]\nb1 <- reg1$coef[2]\n"],"message":["\nYou have not yet entered all correct commands in chunk 1_d."]}
,
{"type":["check_ps"],"time":["2023-04-19 18:59:20"],"user":["Kathrin Kuhn"],"umph":[1681923560.6928],"ok":[true]}
,
{"type":["check_chunk"],"time":["2023-04-19 18:59:20"],"user":["Kathrin Kuhn"],"umph":[1681923560.7083],"ok":[false],"chunk":[6],"ex":[1],"e.ind":[1],"code":["\nkoeffizienten <- coef(reg1, 1)\nb0 <- koeffizienten[1]\nb1 <- koeffizienten[2]\n\n"],"message":["\nOk, in chunk 1_d your command\n\n    koeffizienten <- coef(reg1, 1)\n\nindeed yields the correct result. But you shall directly use the function 'coef', by just writing \n\n    coef(reg1)\n\nPlease change your code."]}
,
{"type":["check_ps"],"time":["2023-04-19 19:00:01"],"user":["Kathrin Kuhn"],"umph":[1681923601.7645],"ok":[true]}
,
{"type":["check_chunk"],"time":["2023-04-19 19:00:01"],"user":["Kathrin Kuhn"],"umph":[1681923601.7832],"ok":[false],"chunk":[6],"ex":[1],"e.ind":[2],"code":["\ncoef(reg1)"],"message":["\nYou have not yet made an assignment to b0 in chunk 1_d."]}
,
{"type":["check_ps"],"time":["2023-04-19 19:00:38"],"user":["Kathrin Kuhn"],"umph":[1681923638.777],"ok":[true]}
,
{"type":["check_chunk"],"time":["2023-04-19 19:00:38"],"user":["Kathrin Kuhn"],"umph":[1681923638.7912],"ok":[false],"chunk":[6],"ex":[1],"e.ind":[1],"code":["\nb0 <- coef(reg1)[1]\nb1 <- coef(reg1)[2]"],"message":["\nYou have not yet entered all correct commands in chunk 1_d."]}
,
{"type":["check_ps"],"time":["2023-04-19 19:01:33"],"user":["Kathrin Kuhn"],"umph":[1681923693.7141],"ok":[true]}
,
{"type":["check_chunk"],"time":["2023-04-19 19:01:33"],"user":["Kathrin Kuhn"],"umph":[1681923693.7281],"ok":[false],"chunk":[6],"ex":[1],"e.ind":[1],"code":["\nb0 <- round(coef(reg1)[1],3)\nb1 <- round(coef(reg1)[2],3)"],"message":["\nYou have not yet entered all correct commands in chunk 1_d."]}
,
{"type":["hint"],"time":["2023-04-19 19:02:11"],"user":["Kathrin Kuhn"],"umph":[1681923731.7099],"ok":[true],"chunk":[6],"ex":[1],"e.ind":[1]}
,
{"type":["check_ps"],"time":["2023-04-19 19:03:11"],"user":["Kathrin Kuhn"],"umph":[1681923791.5452],"ok":[true]}
,
{"type":["check_chunk"],"time":["2023-04-19 19:03:11"],"user":["Kathrin Kuhn"],"umph":[1681923791.5594],"ok":[false],"chunk":[6],"ex":[1],"e.ind":[1],"code":["\nb0 <- coef(reg1)[1]\nb1 <- coef(reg1)[2]\n"],"message":["\nYou have not yet entered all correct commands in chunk 1_d."]}
,
{"type":["hint"],"time":["2023-04-19 19:03:16"],"user":["Kathrin Kuhn"],"umph":[1681923796.9508],"ok":[true],"chunk":[6],"ex":[1],"e.ind":[1]}
,
{"type":["hint"],"time":["2023-04-19 19:03:22"],"user":["Kathrin Kuhn"],"umph":[1681923802.4546],"ok":[true],"chunk":[6],"ex":[1],"e.ind":[1]}
,
{"type":["check_ps"],"time":["2023-04-19 19:03:45"],"user":["Kathrin Kuhn"],"umph":[1681923825.4413],"ok":[true]}
,
{"type":["check_chunk"],"time":["2023-04-19 19:03:45"],"user":["Kathrin Kuhn"],"umph":[1681923825.4622],"ok":[true],"chunk":[6],"ex":[1],"e.ind":[0],"code":["\ncoef(reg1)\nb0 <- coef(reg1)[1]\nb1 <- coef(reg1)[2]\n"],"message":[""]}
,
{"type":["check_chunk"],"time":["2023-04-19 19:03:45"],"user":["Kathrin Kuhn"],"umph":[1681923825.4701],"ok":[false],"chunk":[7],"ex":[1],"e.ind":[0],"code":["g2 <- g1 + geom_abline(intercept=.PH_._,slope=.PH_._,colour=\".PH_._\")\n\n# enter your code here ...\n\ng2"],"message":["evaluation error in \n  g2 <- g1 + geom_abline(intercept = ___, slope = ___, colour = \"___\")\n  Error in geom_abline(intercept = ___, slope = ___, colour = \"___\"): could not find function \"geom_abline\"\n"]}
,
{"type":["check_ps"],"time":["2023-04-19 19:05:23"],"user":["Kathrin Kuhn"],"umph":[1681923923.8698],"ok":[true]}
,
{"type":["check_chunk"],"time":["2023-04-19 19:05:23"],"user":["Kathrin Kuhn"],"umph":[1681923923.8802],"ok":[false],"chunk":[7],"ex":[1],"e.ind":[0],"code":["g2 <- g1 + geom_abline(intercept= 6.89476744,slope=0.03822186,colour=\"blue\")\n\ng2"],"message":["evaluation error in \n  g2 <- g1 + geom_abline(intercept = 6.89476744, slope = 0.03822186, colour = \"blue\")\n  Error in geom_abline(intercept = 6.89476744, slope = 0.03822186, colour = \"blue\"): could not find function \"geom_abline\"\n"]}
,
{"type":["check_ps"],"time":["2023-04-19 19:05:55"],"user":["Kathrin Kuhn"],"umph":[1681923955.411],"ok":[true]}
,
{"type":["check_chunk"],"time":["2023-04-19 19:05:55"],"user":["Kathrin Kuhn"],"umph":[1681923955.4216],"ok":[false],"chunk":[7],"ex":[1],"e.ind":[0],"code":["g2 <- g1 + geom_abline(intercept= 6.89476744,slope=0.03822186,colour=\"blue\")\n\ng2"],"message":["evaluation error in \n  g2 <- g1 + geom_abline(intercept = 6.89476744, slope = 0.03822186, colour = \"blue\")\n  Error in geom_abline(intercept = 6.89476744, slope = 0.03822186, colour = \"blue\"): could not find function \"geom_abline\"\n"]}
,
{"type":["hint"],"time":["2023-04-19 19:07:41"],"user":["Kathrin Kuhn"],"umph":[1681924061.3801],"ok":[true],"chunk":[7],"ex":[1],"e.ind":[0]}
,
{"type":["check_ps"],"time":["2023-04-19 19:08:08"],"user":["Kathrin Kuhn"],"umph":[1681924088.8299],"ok":[true]}
,
{"type":["check_chunk"],"time":["2023-04-19 19:08:08"],"user":["Kathrin Kuhn"],"umph":[1681924088.8403],"ok":[false],"chunk":[7],"ex":[1],"e.ind":[0],"code":["g2 <- g1 + geom_abline(intercept= 6.89476744, slope=0.03822186, colour=\"blue\")\n\ng2"],"message":["evaluation error in \n  g2 <- g1 + geom_abline(intercept = 6.89476744, slope = 0.03822186, colour = \"blue\")\n  Error in geom_abline(intercept = 6.89476744, slope = 0.03822186, colour = \"blue\"): could not find function \"geom_abline\"\n"]}
,
{"type":["check_ps"],"time":["2023-04-19 19:08:34"],"user":["Kathrin Kuhn"],"umph":[1681924114.5067],"ok":[true]}
,
{"type":["check_chunk"],"time":["2023-04-19 19:08:34"],"user":["Kathrin Kuhn"],"umph":[1681924114.5175],"ok":[false],"chunk":[7],"ex":[1],"e.ind":[0],"code":["g2 <- g1 + geom_abline(intercept= 6.895, slope=0.0382, colour=\"blue\")\n\ng2"],"message":["evaluation error in \n  g2 <- g1 + geom_abline(intercept = 6.895, slope = 0.0382, colour = \"blue\")\n  Error in geom_abline(intercept = 6.895, slope = 0.0382, colour = \"blue\"): could not find function \"geom_abline\"\n"]}
,
{"type":["check_ps"],"time":["2023-04-19 19:09:38"],"user":["Kathrin Kuhn"],"umph":[1681924178.4165],"ok":[true]}
,
{"type":["check_chunk"],"time":["2023-04-19 19:09:38"],"user":["Kathrin Kuhn"],"umph":[1681924178.4297],"ok":[false],"chunk":[7],"ex":[1],"e.ind":[0],"code":["g2 <- g1 + geom_abline(intercept= 6.895, slope=0.0382, colour=\"blue\")\n\ng2"],"message":["evaluation error in \n  g2 <- g1 + geom_abline(intercept = 6.895, slope = 0.0382, colour = \"blue\")\n  Error in geom_abline(intercept = 6.895, slope = 0.0382, colour = \"blue\"): could not find function \"geom_abline\"\n"]}
,
{"type":["check_ps"],"time":["2023-04-19 19:12:12"],"user":["Kathrin Kuhn"],"umph":[1681924332.7846],"ok":[true]}
,
{"type":["check_chunk"],"time":["2023-04-19 19:12:12"],"user":["Kathrin Kuhn"],"umph":[1681924332.8126],"ok":[false],"chunk":[7],"ex":[1],"e.ind":[0],"code":["library(ggplot2)\ng2 <- g1 + geom_abline(intercept= 6.895, slope=0.0382, colour=\"blue\")\n\ng2"],"message":["evaluation error in \n  g2 <- g1 + geom_abline(intercept = 6.895, slope = 0.0382, colour = \"blue\")\n  Error in geom_abline(intercept = 6.895, slope = 0.0382, colour = \"blue\"): could not find function \"geom_abline\"\n"]}
,
{"type":["check_ps"],"time":["2023-04-19 19:12:59"],"user":["Kathrin Kuhn"],"umph":[1681924379.5174],"ok":[true]}
,
{"type":["check_chunk"],"time":["2023-04-19 19:12:59"],"user":["Kathrin Kuhn"],"umph":[1681924379.5282],"ok":[false],"chunk":[7],"ex":[1],"e.ind":[0],"code":["g2 <- g1 + geom_abline(intercept= 6.895, slope=0.0382, colour=\"blue\")\n\ng2"],"message":["evaluation error in \n  g2 <- g1 + geom_abline(intercept = 6.895, slope = 0.0382, colour = \"blue\")\n  Error in geom_abline(intercept = 6.895, slope = 0.0382, colour = \"blue\"): could not find function \"geom_abline\"\n"]}
,
{"type":["hint"],"time":["2023-04-19 19:13:04"],"user":["Kathrin Kuhn"],"umph":[1681924384.8343],"ok":[true],"chunk":[7],"ex":[1],"e.ind":[0]}
,
